*** Using Compiler 'V5.06 update 7 (build 960)', folder: 'C:\Keil_v5\ARM\ARMCC\Bin'
Rebuild target 'Firmware'
compiling cw32f030_crc.c...
compiling cw32f030_digitalsign.c...
compiling cw32f030_btim.c...
compiling cw32f030_debug.c...
compiling cw32f030_atim.c...
compiling cw32f030_awt.c...
compiling cw32f030_adc.c...
compiling cw32f030_flash.c...
compiling cw32f030_gpio.c...
compiling cw32f030_gtim.c...
compiling cw32f030_iwdt.c...
compiling cw32f030_i2c.c...
compiling cw32f030_lvd.c...
compiling cw32f030_dma.c...
compiling interrupts_cw32f030.c...
assembling startup_cw32f030.s...
compiling cw32f030_ram.c...
compiling cw32f030_spi.c...
compiling cw32f030_rtc.c...
compiling cw32f030_systick.c...
compiling cw32f030_pwr.c...
compiling cw32f030_rcc.c...
compiling main.c...
UserAPP\src\main.c(6): warning:  #1-D: last line of file ends without a newline
  }
UserAPP\src\main.c: 1 warning, 0 errors
compiling cw32f030_uart.c...
compiling cw32f030_wwdt.c...
compiling cw32f030_vc.c...
compiling system_cw32f030.c...
linking...
Program Size: Code=536 RO-data=224 RW-data=16 ZI-data=1120  
FromELF: creating hex file...
".\Objects\CW32_Lightmeter.axf" - 0 Error(s), 1 Warning(s).
Build Time Elapsed:  00:00:03
